<?xml version="1.0" encoding="UTF-8"?>
<!-- Generated by org.testng.reporters.JUnitXMLReporter -->
<testsuite ignored="0" hostname="C00TB015822" failures="0" tests="8" name="TestLog" time="46.731" errors="0" timestamp="2024-11-03T18:11:30 TRT">
  <testcase classname="org.example.tests.TestAddProductAyakkabi" name="acceptCookiesTest" time="2.094"/>
  <testcase classname="org.example.tests.TestAddProductAyakkabi" name="menuButtonClickTest" time="2.061"/>
  <testcase classname="org.example.tests.TestAddProductAyakkabi" name="menuViewAllClickTest" time="2.179"/>
  <testcase classname="org.example.tests.TestAddProductAyakkabi" name="menuTurAyakkabiTest" time="7.035"/>
  <testcase classname="org.example.tests.TestAddProductAyakkabi" name="ayakkabiSecimTest" time="5.999"/>
  <testcase classname="org.example.tests.TestAddProductAyakkabi" name="optionOlcüTest" time="12.151"/>
  <testcase classname="org.example.tests.TestAddProductAyakkabi" name="addToCartTest" time="4.836"/>
  <testcase classname="org.example.tests.TestAddProductAyakkabi" name="goToCartTest" time="3.505"/>
</testsuite> <!-- TestLog -->
